<?xml version="1.0" encoding="UTF-8"?>
<!-- Generated by org.testng.reporters.JUnitXMLReporter -->
<testsuite hostname="DESKTOP-TLNVACJ" ignored="0" name="Urbanladder - operaTest" tests="26" failures="0" timestamp="27 Nov 2020 17:14:40 GMT" time="197.021" errors="0">
  <testcase name="operationSearchBar" time="38.839" classname="testScenarios.UrbanLadder"/>
  <testcase name="operationCategoryMenu" time="21.981" classname="testScenarios.UrbanLadder"/>
  <testcase name="operationPriceSelect" time="1.829" classname="testScenarios.UrbanLadder"/>
  <testcase name="operationStorageSelect" time="12.444" classname="testScenarios.UrbanLadder"/>
  <testcase name="print" time="9.31" classname="testScenarios.UrbanLadder"/>
  <testcase name="testCaseReadExl" time="0.058" classname="testScenarios.UrbanLadder"/>
  <testcase name="operationSearch" time="14.816" classname="testScenarios.UrbanLadder"/>
  <testcase name="operationCategory" time="3.183" classname="testScenarios.UrbanLadder"/>
  <testcase name="operationPrice" time="7.347" classname="testScenarios.UrbanLadder"/>
  <testcase name="operationStorage" time="5.516" classname="testScenarios.UrbanLadder"/>
  <testcase name="operationstock" time="5.765" classname="testScenarios.UrbanLadder"/>
  <testcase name="toExcelWrite" time="0.437" classname="testScenarios.UrbanLadder"/>
  <testcase name="getBeingAtHomeCollections" time="5.035" classname="testScenarios.UrbanLadder"/>
  <testcase name="testcase_clickGiftCards" time="11.227" classname="testScenarios.UrbanLadder"/>
  <testcase name="testcase_selectGiftCards" time="1.131" classname="testScenarios.UrbanLadder"/>
  <testcase name="testcase_customiseGiftCard" time="0.652" classname="testScenarios.UrbanLadder"/>
  <testcase name="testcase_FillDetails" time="5.323" classname="testScenarios.UrbanLadder"/>
  <testcase name="errorMessage" time="0.64" classname="testScenarios.UrbanLadder"/>
  <testcase name="write_ErrorMessage" time="0.088" classname="testScenarios.UrbanLadder"/>
  <testcase name="ScreenShot" time="0.527" classname="testScenarios.UrbanLadder"/>
  <testcase name="testcase_readExcelDataValid" time="0.05" classname="testScenarios.UrbanLadder"/>
  <testcase name="testcase_FillValidDetails" time="1.273" classname="testScenarios.UrbanLadder"/>
  <testcase name="proceedToPayment" time="4.83" classname="testScenarios.UrbanLadder"/>
  <testcase name="studyChairSearch" time="8.604" classname="testScenarios.UrbanLadder"/>
  <testcase name="operationSortBy" time="0.52" classname="testScenarios.UrbanLadder"/>
  <testcase name="StudyChairprint" time="9.308" classname="testScenarios.UrbanLadder"/>
</testsuite> <!-- Urbanladder - operaTest -->
