<?xml version="1.0" encoding="UTF-8"?>
<!-- Generated by org.testng.reporters.JUnitXMLReporter -->
<testsuite hostname="DESKTOP-TLNVACJ" ignored="0" name="Urbanladder - chromeTest" tests="26" failures="0" timestamp="27 Nov 2020 17:11:23 GMT" time="206.437" errors="0">
  <testcase name="operationSearchBar" time="28.648" classname="testScenarios.UrbanLadder"/>
  <testcase name="operationCategoryMenu" time="20.942" classname="testScenarios.UrbanLadder"/>
  <testcase name="operationPriceSelect" time="6.531" classname="testScenarios.UrbanLadder"/>
  <testcase name="operationStorageSelect" time="5.435" classname="testScenarios.UrbanLadder"/>
  <testcase name="print" time="12.539" classname="testScenarios.UrbanLadder"/>
  <testcase name="testCaseReadExl" time="0.124" classname="testScenarios.UrbanLadder"/>
  <testcase name="operationSearch" time="11.853" classname="testScenarios.UrbanLadder"/>
  <testcase name="operationCategory" time="4.657" classname="testScenarios.UrbanLadder"/>
  <testcase name="operationPrice" time="7.711" classname="testScenarios.UrbanLadder"/>
  <testcase name="operationStorage" time="5.627" classname="testScenarios.UrbanLadder"/>
  <testcase name="operationstock" time="7.713" classname="testScenarios.UrbanLadder"/>
  <testcase name="toExcelWrite" time="0.339" classname="testScenarios.UrbanLadder"/>
  <testcase name="getBeingAtHomeCollections" time="6.294" classname="testScenarios.UrbanLadder"/>
  <testcase name="testcase_clickGiftCards" time="17.145" classname="testScenarios.UrbanLadder"/>
  <testcase name="testcase_selectGiftCards" time="1.238" classname="testScenarios.UrbanLadder"/>
  <testcase name="testcase_customiseGiftCard" time="0.735" classname="testScenarios.UrbanLadder"/>
  <testcase name="testcase_FillDetails" time="5.237" classname="testScenarios.UrbanLadder"/>
  <testcase name="errorMessage" time="0.658" classname="testScenarios.UrbanLadder"/>
  <testcase name="write_ErrorMessage" time="0.082" classname="testScenarios.UrbanLadder"/>
  <testcase name="ScreenShot" time="0.598" classname="testScenarios.UrbanLadder"/>
  <testcase name="testcase_readExcelDataValid" time="0.058" classname="testScenarios.UrbanLadder"/>
  <testcase name="testcase_FillValidDetails" time="1.197" classname="testScenarios.UrbanLadder"/>
  <testcase name="proceedToPayment" time="7.786" classname="testScenarios.UrbanLadder"/>
  <testcase name="studyChairSearch" time="7.354" classname="testScenarios.UrbanLadder"/>
  <testcase name="operationSortBy" time="0.57" classname="testScenarios.UrbanLadder"/>
  <testcase name="StudyChairprint" time="9.238" classname="testScenarios.UrbanLadder"/>
</testsuite> <!-- Urbanladder - chromeTest -->
