<?xml version="1.0" encoding="UTF-8"?>
<!-- Generated by org.testng.reporters.JUnitXMLReporter -->
<testsuite hostname="DESKTOP-29VP0U2" ignored="0" name="Smoke Test one" tests="26" failures="0" timestamp="02 Dec 2020 10:45:08 GMT" time="22.418" errors="0">
  <testcase name="@BeforeClass driverConfig" time="22.174" classname="testScenarios.UrbanLadder">
    <failure type="org.openqa.selenium.remote.UnreachableBrowserException" message="Could not start a new session. Possible causes are invalid address of the remote server or browser start-up failure.
Build info: version: &amp;apos;3.141.59&amp;apos;, revision: &amp;apos;e82be7d358&amp;apos;, time: &amp;apos;2018-11-14T08:17:03&amp;apos;
System info: host: &amp;apos;DESKTOP-29VP0U2&amp;apos;, ip: &amp;apos;192.168.43.93&amp;apos;, os.name: &amp;apos;Windows 10&amp;apos;, os.arch: &amp;apos;amd64&amp;apos;, os.version: &amp;apos;10.0&amp;apos;, java.version: &amp;apos;1.8.0_261&amp;apos;
Driver info: driver.version: RemoteWebDriver">
      <![CDATA[org.openqa.selenium.remote.UnreachableBrowserException: Could not start a new session. Possible causes are invalid address of the remote server or browser start-up failure.
Build info: version: '3.141.59', revision: 'e82be7d358', time: '2018-11-14T08:17:03'
System info: host: 'DESKTOP-29VP0U2', ip: '192.168.43.93', os.name: 'Windows 10', os.arch: 'amd64', os.version: '10.0', java.version: '1.8.0_261'
Driver info: driver.version: RemoteWebDriver
	at org.openqa.selenium.remote.RemoteWebDriver.execute(RemoteWebDriver.java:573)
	at org.openqa.selenium.remote.RemoteWebDriver.startSession(RemoteWebDriver.java:213)
	at org.openqa.selenium.remote.RemoteWebDriver.<init>(RemoteWebDriver.java:131)
	at org.openqa.selenium.remote.RemoteWebDriver.<init>(RemoteWebDriver.java:144)
	at userDefinedLibraries.DriverSetup.driverInstantiate(DriverSetup.java:56)
	at testScenarios.UrbanLadder.driverConfig(UrbanLadder.java:74)
Caused by: java.net.ConnectException: Failed to connect to /192.168.1.100:5555
	at okhttp3.internal.connection.RealConnection.connectSocket(RealConnection.java:247)
	at okhttp3.internal.connection.RealConnection.connect(RealConnection.java:165)
	at okhttp3.internal.connection.StreamAllocation.findConnection(StreamAllocation.java:257)
	at okhttp3.internal.connection.StreamAllocation.findHealthyConnection(StreamAllocation.java:135)
	at okhttp3.internal.connection.StreamAllocation.newStream(StreamAllocation.java:114)
	at okhttp3.internal.connection.ConnectInterceptor.intercept(ConnectInterceptor.java:42)
	at okhttp3.internal.http.RealInterceptorChain.proceed(RealInterceptorChain.java:147)
	at okhttp3.internal.http.RealInterceptorChain.proceed(RealInterceptorChain.java:121)
	at okhttp3.internal.cache.CacheInterceptor.intercept(CacheInterceptor.java:93)
	at okhttp3.internal.http.RealInterceptorChain.proceed(RealInterceptorChain.java:147)
	at okhttp3.internal.http.RealInterceptorChain.proceed(RealInterceptorChain.java:121)
	at okhttp3.internal.http.BridgeInterceptor.intercept(BridgeInterceptor.java:93)
	at okhttp3.internal.http.RealInterceptorChain.proceed(RealInterceptorChain.java:147)
	at okhttp3.internal.http.RetryAndFollowUpInterceptor.intercept(RetryAndFollowUpInterceptor.java:126)
	at okhttp3.internal.http.RealInterceptorChain.proceed(RealInterceptorChain.java:147)
	at okhttp3.internal.http.RealInterceptorChain.proceed(RealInterceptorChain.java:121)
	at okhttp3.RealCall.getResponseWithInterceptorChain(RealCall.java:200)
	at okhttp3.RealCall.execute(RealCall.java:77)
	at org.openqa.selenium.remote.internal.OkHttpClient.execute(OkHttpClient.java:103)
	at org.openqa.selenium.remote.ProtocolHandshake.createSession(ProtocolHandshake.java:105)
	at org.openqa.selenium.remote.ProtocolHandshake.createSession(ProtocolHandshake.java:74)
	at org.openqa.selenium.remote.HttpCommandExecutor.execute(HttpCommandExecutor.java:136)
	at org.openqa.selenium.remote.RemoteWebDriver.execute(RemoteWebDriver.java:552)
	... 30 more
Caused by: java.net.ConnectException: Connection timed out: connect
	at java.net.DualStackPlainSocketImpl.waitForConnect(Native Method)
	at java.net.DualStackPlainSocketImpl.socketConnect(DualStackPlainSocketImpl.java:81)
	at java.net.AbstractPlainSocketImpl.doConnect(AbstractPlainSocketImpl.java:476)
	at java.net.AbstractPlainSocketImpl.connectToAddress(AbstractPlainSocketImpl.java:218)
	at java.net.AbstractPlainSocketImpl.connect(AbstractPlainSocketImpl.java:200)
	at java.net.PlainSocketImpl.connect(PlainSocketImpl.java:162)
	at java.net.SocksSocketImpl.connect(SocksSocketImpl.java:394)
	at java.net.Socket.connect(Socket.java:606)
	at okhttp3.internal.platform.Platform.connectSocket(Platform.java:129)
	at okhttp3.internal.connection.RealConnection.connectSocket(RealConnection.java:245)
	... 52 more
... Removed 25 stack frames]]>
    </failure>
  </testcase> <!-- @BeforeClass driverConfig -->
  <testcase name="@AfterClass driverExit" time="0.0" classname="testScenarios.UrbanLadder">
    <skipped/>
  </testcase> <!-- @AfterClass driverExit -->
  <testcase name="operationSearchBar" time="0.0" classname="testScenarios.UrbanLadder">
    <skipped/>
  </testcase> <!-- operationSearchBar -->
  <testcase name="operationCategoryMenu" time="0.0" classname="testScenarios.UrbanLadder">
    <skipped/>
  </testcase> <!-- operationCategoryMenu -->
  <testcase name="operationPriceSelect" time="0.0" classname="testScenarios.UrbanLadder">
    <skipped/>
  </testcase> <!-- operationPriceSelect -->
  <testcase name="operationStorageSelect" time="0.0" classname="testScenarios.UrbanLadder">
    <skipped/>
  </testcase> <!-- operationStorageSelect -->
  <testcase name="print" time="0.0" classname="testScenarios.UrbanLadder">
    <skipped/>
  </testcase> <!-- print -->
  <testcase name="testCaseReadExl" time="0.0" classname="testScenarios.UrbanLadder">
    <skipped/>
  </testcase> <!-- testCaseReadExl -->
  <testcase name="operationSearch" time="0.0" classname="testScenarios.UrbanLadder">
    <skipped/>
  </testcase> <!-- operationSearch -->
  <testcase name="operationCategory" time="0.0" classname="testScenarios.UrbanLadder">
    <skipped/>
  </testcase> <!-- operationCategory -->
  <testcase name="operationPrice" time="0.0" classname="testScenarios.UrbanLadder">
    <skipped/>
  </testcase> <!-- operationPrice -->
  <testcase name="operationStorage" time="0.0" classname="testScenarios.UrbanLadder">
    <skipped/>
  </testcase> <!-- operationStorage -->
  <testcase name="operationstock" time="0.0" classname="testScenarios.UrbanLadder">
    <skipped/>
  </testcase> <!-- operationstock -->
  <testcase name="toExcelWrite" time="0.0" classname="testScenarios.UrbanLadder">
    <skipped/>
  </testcase> <!-- toExcelWrite -->
  <testcase name="getBeingAtHomeCollections" time="0.0" classname="testScenarios.UrbanLadder">
    <skipped/>
  </testcase> <!-- getBeingAtHomeCollections -->
  <testcase name="testcase_clickGiftCards" time="0.001" classname="testScenarios.UrbanLadder">
    <skipped/>
  </testcase> <!-- testcase_clickGiftCards -->
  <testcase name="testcase_selectGiftCards" time="0.0" classname="testScenarios.UrbanLadder">
    <skipped/>
  </testcase> <!-- testcase_selectGiftCards -->
  <testcase name="testcase_customiseGiftCard" time="0.0" classname="testScenarios.UrbanLadder">
    <skipped/>
  </testcase> <!-- testcase_customiseGiftCard -->
  <testcase name="testcase_FillDetails" time="0.0" classname="testScenarios.UrbanLadder">
    <skipped/>
  </testcase> <!-- testcase_FillDetails -->
  <testcase name="errorMessage" time="0.0" classname="testScenarios.UrbanLadder">
    <skipped/>
  </testcase> <!-- errorMessage -->
  <testcase name="write_ErrorMessage" time="0.0" classname="testScenarios.UrbanLadder">
    <skipped/>
  </testcase> <!-- write_ErrorMessage -->
  <testcase name="ScreenShot" time="0.0" classname="testScenarios.UrbanLadder">
    <skipped/>
  </testcase> <!-- ScreenShot -->
  <testcase name="testcase_readExcelDataValid" time="0.0" classname="testScenarios.UrbanLadder">
    <skipped/>
  </testcase> <!-- testcase_readExcelDataValid -->
  <testcase name="testcase_FillValidDetails" time="0.0" classname="testScenarios.UrbanLadder">
    <skipped/>
  </testcase> <!-- testcase_FillValidDetails -->
  <testcase name="proceedToPayment" time="0.0" classname="testScenarios.UrbanLadder">
    <skipped/>
  </testcase> <!-- proceedToPayment -->
  <testcase name="studyChairSearch" time="0.0" classname="testScenarios.UrbanLadder">
    <skipped/>
  </testcase> <!-- studyChairSearch -->
  <testcase name="operationSortBy" time="0.0" classname="testScenarios.UrbanLadder">
    <skipped/>
  </testcase> <!-- operationSortBy -->
  <testcase name="StudyChairprint" time="0.0" classname="testScenarios.UrbanLadder">
    <skipped/>
  </testcase> <!-- StudyChairprint -->
</testsuite> <!-- Smoke Test one -->
