<?xml version="1.0" encoding="UTF-8"?>
<!-- Generated by org.testng.reporters.JUnitXMLReporter -->
<testsuite hostname="DESKTOP-TLNVACJ" ignored="0" name="Smoke Test two" tests="26" failures="0" timestamp="28 Nov 2020 08:35:24 GMT" time="134.277" errors="0">
  <testcase name="operationSearchBar" time="12.697" classname="testScenarios.UrbanLadder"/>
  <testcase name="operationCategoryMenu" time="9.466" classname="testScenarios.UrbanLadder"/>
  <testcase name="operationPriceSelect" time="1.858" classname="testScenarios.UrbanLadder"/>
  <testcase name="operationStorageSelect" time="7.1" classname="testScenarios.UrbanLadder"/>
  <testcase name="print" time="8.056" classname="testScenarios.UrbanLadder"/>
  <testcase name="testCaseReadExl" time="0.05" classname="testScenarios.UrbanLadder"/>
  <testcase name="operationSearch" time="9.139" classname="testScenarios.UrbanLadder"/>
  <testcase name="operationCategory" time="2.674" classname="testScenarios.UrbanLadder"/>
  <testcase name="operationPrice" time="7.321" classname="testScenarios.UrbanLadder"/>
  <testcase name="operationStorage" time="5.463" classname="testScenarios.UrbanLadder"/>
  <testcase name="operationstock" time="8.703" classname="testScenarios.UrbanLadder"/>
  <testcase name="toExcelWrite" time="0.31" classname="testScenarios.UrbanLadder"/>
  <testcase name="getBeingAtHomeCollections" time="3.942" classname="testScenarios.UrbanLadder"/>
  <testcase name="testcase_clickGiftCards" time="4.555" classname="testScenarios.UrbanLadder"/>
  <testcase name="testcase_selectGiftCards" time="1.128" classname="testScenarios.UrbanLadder"/>
  <testcase name="testcase_customiseGiftCard" time="0.463" classname="testScenarios.UrbanLadder"/>
  <testcase name="testcase_FillDetails" time="5.105" classname="testScenarios.UrbanLadder"/>
  <testcase name="errorMessage" time="0.619" classname="testScenarios.UrbanLadder"/>
  <testcase name="write_ErrorMessage" time="0.057" classname="testScenarios.UrbanLadder"/>
  <testcase name="ScreenShot" time="0.521" classname="testScenarios.UrbanLadder"/>
  <testcase name="testcase_readExcelDataValid" time="0.046" classname="testScenarios.UrbanLadder"/>
  <testcase name="testcase_FillValidDetails" time="0.956" classname="testScenarios.UrbanLadder"/>
  <testcase name="proceedToPayment" time="8.723" classname="testScenarios.UrbanLadder"/>
  <testcase name="studyChairSearch" time="3.392" classname="testScenarios.UrbanLadder"/>
  <testcase name="operationSortBy" time="0.585" classname="testScenarios.UrbanLadder"/>
  <testcase name="StudyChairprint" time="8.129" classname="testScenarios.UrbanLadder"/>
</testsuite> <!-- Smoke Test two -->
