<?xml version="1.0" encoding="UTF-8"?>
<!-- Generated by org.testng.reporters.JUnitXMLReporter -->
<testsuite hostname="DESKTOP-TLNVACJ" ignored="0" name="Urbanladder - chromeTest" tests="26" failures="0" timestamp="27 Nov 2020 07:14:11 GMT" time="135.074" errors="0">
  <testcase name="operationSearchBar" time="11.79" classname="testScenarios.UrbanLadder"/>
  <testcase name="operationCategoryMenu" time="7.754" classname="testScenarios.UrbanLadder"/>
  <testcase name="operationPriceSelect" time="2.3" classname="testScenarios.UrbanLadder"/>
  <testcase name="operationStorageSelect" time="3.796" classname="testScenarios.UrbanLadder"/>
  <testcase name="print" time="9.216" classname="testScenarios.UrbanLadder"/>
  <testcase name="testCaseReadExl" time="0.137" classname="testScenarios.UrbanLadder"/>
  <testcase name="operationSearch" time="9.26" classname="testScenarios.UrbanLadder"/>
  <testcase name="operationCategory" time="5.746" classname="testScenarios.UrbanLadder"/>
  <testcase name="operationPrice" time="7.817" classname="testScenarios.UrbanLadder"/>
  <testcase name="operationStorage" time="5.609" classname="testScenarios.UrbanLadder"/>
  <testcase name="operationstock" time="5.866" classname="testScenarios.UrbanLadder"/>
  <testcase name="toExcelWrite" time="0.422" classname="testScenarios.UrbanLadder"/>
  <testcase name="getBeingAtHomeCollections" time="5.104" classname="testScenarios.UrbanLadder"/>
  <testcase name="testcase_clickGiftCards" time="10.379" classname="testScenarios.UrbanLadder"/>
  <testcase name="testcase_selectGiftCards" time="1.117" classname="testScenarios.UrbanLadder"/>
  <testcase name="testcase_customiseGiftCard" time="0.651" classname="testScenarios.UrbanLadder"/>
  <testcase name="testcase_FillDetails" time="6.736" classname="testScenarios.UrbanLadder"/>
  <testcase name="errorMessage" time="0.724" classname="testScenarios.UrbanLadder"/>
  <testcase name="write_ErrorMessage" time="0.061" classname="testScenarios.UrbanLadder"/>
  <testcase name="ScreenShot" time="1.127" classname="testScenarios.UrbanLadder"/>
  <testcase name="testcase_readExcelDataValid" time="0.192" classname="testScenarios.UrbanLadder"/>
  <testcase name="testcase_FillValidDetails" time="2.407" classname="testScenarios.UrbanLadder"/>
  <testcase name="proceedToPayment" time="5.011" classname="testScenarios.UrbanLadder"/>
  <testcase name="studyChairSearch" time="7.256" classname="testScenarios.UrbanLadder"/>
  <testcase name="operationSortBy" time="0.606" classname="testScenarios.UrbanLadder"/>
  <testcase name="StudyChairprint" time="9.078" classname="testScenarios.UrbanLadder"/>
</testsuite> <!-- Urbanladder - chromeTest -->
