<?xml version="1.0" encoding="UTF-8"?>
<!-- Generated by org.testng.reporters.JUnitXMLReporter -->
<testsuite hostname="DESKTOP-TLNVACJ" ignored="0" name="Urbanladder - operaTest" tests="26" failures="0" timestamp="27 Nov 2020 07:16:24 GMT" time="133.014" errors="0">
  <testcase name="operationSearchBar" time="12.658" classname="testScenarios.UrbanLadder"/>
  <testcase name="operationCategoryMenu" time="7.129" classname="testScenarios.UrbanLadder"/>
  <testcase name="operationPriceSelect" time="2.023" classname="testScenarios.UrbanLadder"/>
  <testcase name="operationStorageSelect" time="3.329" classname="testScenarios.UrbanLadder"/>
  <testcase name="print" time="9.323" classname="testScenarios.UrbanLadder"/>
  <testcase name="testCaseReadExl" time="0.104" classname="testScenarios.UrbanLadder"/>
  <testcase name="operationSearch" time="10.546" classname="testScenarios.UrbanLadder"/>
  <testcase name="operationCategory" time="9.054" classname="testScenarios.UrbanLadder"/>
  <testcase name="operationPrice" time="7.471" classname="testScenarios.UrbanLadder"/>
  <testcase name="operationStorage" time="5.507" classname="testScenarios.UrbanLadder"/>
  <testcase name="operationstock" time="5.877" classname="testScenarios.UrbanLadder"/>
  <testcase name="toExcelWrite" time="0.482" classname="testScenarios.UrbanLadder"/>
  <testcase name="getBeingAtHomeCollections" time="5.904" classname="testScenarios.UrbanLadder"/>
  <testcase name="testcase_clickGiftCards" time="9.463" classname="testScenarios.UrbanLadder"/>
  <testcase name="testcase_selectGiftCards" time="1.125" classname="testScenarios.UrbanLadder"/>
  <testcase name="testcase_customiseGiftCard" time="0.667" classname="testScenarios.UrbanLadder"/>
  <testcase name="testcase_FillDetails" time="6.3" classname="testScenarios.UrbanLadder"/>
  <testcase name="errorMessage" time="0.731" classname="testScenarios.UrbanLadder"/>
  <testcase name="write_ErrorMessage" time="0.042" classname="testScenarios.UrbanLadder"/>
  <testcase name="ScreenShot" time="0.614" classname="testScenarios.UrbanLadder"/>
  <testcase name="testcase_readExcelDataValid" time="0.062" classname="testScenarios.UrbanLadder"/>
  <testcase name="testcase_FillValidDetails" time="1.32" classname="testScenarios.UrbanLadder"/>
  <testcase name="proceedToPayment" time="4.952" classname="testScenarios.UrbanLadder"/>
  <testcase name="studyChairSearch" time="6.085" classname="testScenarios.UrbanLadder"/>
  <testcase name="operationSortBy" time="0.765" classname="testScenarios.UrbanLadder"/>
  <testcase name="StudyChairprint" time="8.448" classname="testScenarios.UrbanLadder"/>
</testsuite> <!-- Urbanladder - operaTest -->
