<?xml version="1.0" encoding="UTF-8"?>
<testsuite xmlns:xsi="http://www.w3.org/2001/XMLSchema-instance" xsi:noNamespaceSchemaLocation="https://maven.apache.org/surefire/maven-surefire-plugin/xsd/surefire-test-report.xsd" name="TestSuite" time="408.638" tests="66" errors="0" skipped="0" failures="0">
  <properties>
[...]
</properties>
  <testcase name="operationSearchBar" classname="testScenarios.UrbanLadder" time="11.796"/>
  <testcase name="operationSearchBar" classname="testScenarios.UrbanLadder" time="13.286"/>
  <testcase name="operationSearchBar" classname="testScenarios.UrbanLadder" time="11.283"/>
  <testcase name="operationSearchBar" classname="testScenarios.UrbanLadder" time="12.253"/>
  <testcase name="operationCategoryMenu" classname="testScenarios.UrbanLadder" time="8.1"/>
  <testcase name="operationCategoryMenu" classname="testScenarios.UrbanLadder" time="7.096"/>
  <testcase name="operationCategoryMenu" classname="testScenarios.UrbanLadder" time="9.077"/>
  <testcase name="operationCategoryMenu" classname="testScenarios.UrbanLadder" time="7.643"/>
  <testcase name="operationPriceSelect" classname="testScenarios.UrbanLadder" time="2.21"/>
  <testcase name="operationPriceSelect" classname="testScenarios.UrbanLadder" time="1.856"/>
  <testcase name="operationPriceSelect" classname="testScenarios.UrbanLadder" time="1.867"/>
  <testcase name="operationPriceSelect" classname="testScenarios.UrbanLadder" time="2.301"/>
  <testcase name="operationStorageSelect" classname="testScenarios.UrbanLadder" time="7.33"/>
  <testcase name="operationStorageSelect" classname="testScenarios.UrbanLadder" time="7.072"/>
  <testcase name="operationStorageSelect" classname="testScenarios.UrbanLadder" time="7.053"/>
  <testcase name="operationStorageSelect" classname="testScenarios.UrbanLadder" time="7.274"/>
  <testcase name="print" classname="testScenarios.UrbanLadder" time="10.17"/>
  <testcase name="print" classname="testScenarios.UrbanLadder" time="10.33"/>
  <testcase name="print" classname="testScenarios.UrbanLadder" time="8.045"/>
  <testcase name="print" classname="testScenarios.UrbanLadder" time="8.206"/>
  <testcase name="testCaseReadExl" classname="testScenarios.UrbanLadder" time="0.152"/>
  <testcase name="testCaseReadExl" classname="testScenarios.UrbanLadder" time="0.075"/>
  <testcase name="operationSearch" classname="testScenarios.UrbanLadder" time="11"/>
  <testcase name="operationSearch" classname="testScenarios.UrbanLadder" time="9.301"/>
  <testcase name="operationCategory" classname="testScenarios.UrbanLadder" time="3.984"/>
  <testcase name="operationCategory" classname="testScenarios.UrbanLadder" time="3.049"/>
  <testcase name="operationPrice" classname="testScenarios.UrbanLadder" time="7.728"/>
  <testcase name="operationPrice" classname="testScenarios.UrbanLadder" time="7.366"/>
  <testcase name="operationStorage" classname="testScenarios.UrbanLadder" time="5.627"/>
  <testcase name="operationStorage" classname="testScenarios.UrbanLadder" time="5.514"/>
  <testcase name="operationstock" classname="testScenarios.UrbanLadder" time="8.779"/>
  <testcase name="operationstock" classname="testScenarios.UrbanLadder" time="8.783"/>
  <testcase name="toExcelWrite" classname="testScenarios.UrbanLadder" time="0.528"/>
  <testcase name="toExcelWrite" classname="testScenarios.UrbanLadder" time="0.384"/>
  <testcase name="getBeingAtHomeCollections" classname="testScenarios.UrbanLadder" time="4.161"/>
  <testcase name="getBeingAtHomeCollections" classname="testScenarios.UrbanLadder" time="4.142"/>
  <testcase name="testcase_clickGiftCards" classname="testScenarios.UrbanLadder" time="14.441"/>
  <testcase name="testcase_clickGiftCards" classname="testScenarios.UrbanLadder" time="9.54"/>
  <testcase name="testcase_selectGiftCards" classname="testScenarios.UrbanLadder" time="1.171"/>
  <testcase name="testcase_selectGiftCards" classname="testScenarios.UrbanLadder" time="1.141"/>
  <testcase name="testcase_customiseGiftCard" classname="testScenarios.UrbanLadder" time="0.608"/>
  <testcase name="testcase_customiseGiftCard" classname="testScenarios.UrbanLadder" time="0.501"/>
  <testcase name="testcase_FillDetails" classname="testScenarios.UrbanLadder" time="5.26"/>
  <testcase name="testcase_FillDetails" classname="testScenarios.UrbanLadder" time="5.175"/>
  <testcase name="errorMessage" classname="testScenarios.UrbanLadder" time="0.631"/>
  <testcase name="errorMessage" classname="testScenarios.UrbanLadder" time="0.636"/>
  <testcase name="write_ErrorMessage" classname="testScenarios.UrbanLadder" time="0.076"/>
  <testcase name="write_ErrorMessage" classname="testScenarios.UrbanLadder" time="0.064"/>
  <testcase name="ScreenShot" classname="testScenarios.UrbanLadder" time="0.571"/>
  <testcase name="ScreenShot" classname="testScenarios.UrbanLadder" time="0.53"/>
  <testcase name="testcase_readExcelDataValid" classname="testScenarios.UrbanLadder" time="0.117"/>
  <testcase name="testcase_readExcelDataValid" classname="testScenarios.UrbanLadder" time="0.042"/>
  <testcase name="testcase_FillValidDetails" classname="testScenarios.UrbanLadder" time="1.638"/>
  <testcase name="testcase_FillValidDetails" classname="testScenarios.UrbanLadder" time="1.072"/>
  <testcase name="proceedToPayment" classname="testScenarios.UrbanLadder" time="8.766"/>
  <testcase name="proceedToPayment" classname="testScenarios.UrbanLadder" time="8.705"/>
  <testcase name="studyChairSearch" classname="testScenarios.UrbanLadder" time="6.159"/>
  <testcase name="studyChairSearch" classname="testScenarios.UrbanLadder" time="6.653"/>
  <testcase name="studyChairSearch" classname="testScenarios.UrbanLadder" time="6.944"/>
  <testcase name="studyChairSearch" classname="testScenarios.UrbanLadder" time="8.953"/>
  <testcase name="operationSortBy" classname="testScenarios.UrbanLadder" time="0.567"/>
  <testcase name="operationSortBy" classname="testScenarios.UrbanLadder" time="0.494"/>
  <testcase name="operationSortBy" classname="testScenarios.UrbanLadder" time="0.442"/>
  <testcase name="StudyChairprint" classname="testScenarios.UrbanLadder" time="8.104"/>
  <testcase name="StudyChairprint" classname="testScenarios.UrbanLadder" time="8.26"/>
  <testcase name="StudyChairprint" classname="testScenarios.UrbanLadder" time="8.052"/>
</testsuite>