<?xml version="1.0" encoding="UTF-8"?>
<!-- Generated by org.testng.reporters.JUnitXMLReporter -->
<testsuite hostname="DESKTOP-TLNVACJ" ignored="18" name="Regression Test one" tests="8" failures="0" timestamp="28 Nov 2020 10:50:17 GMT" time="63.159" errors="0">
  <testcase name="operationSearchBar" time="11.283" classname="testScenarios.UrbanLadder"/>
  <testcase name="operationCategoryMenu" time="9.078" classname="testScenarios.UrbanLadder"/>
  <testcase name="operationPriceSelect" time="1.868" classname="testScenarios.UrbanLadder"/>
  <testcase name="operationStorageSelect" time="7.053" classname="testScenarios.UrbanLadder"/>
  <testcase name="print" time="8.045" classname="testScenarios.UrbanLadder"/>
  <testcase name="studyChairSearch" time="6.944" classname="testScenarios.UrbanLadder"/>
  <testcase name="operationSortBy" time="0.442" classname="testScenarios.UrbanLadder"/>
  <testcase name="StudyChairprint" time="8.051" classname="testScenarios.UrbanLadder"/>
  <testcase name="testcase_FillDetails" time="0.0" classname="testScenarios.UrbanLadder">
    <ignored/>
  </testcase> <!-- testcase_FillDetails -->
  <testcase name="testcase_clickGiftCards" time="0.0" classname="testScenarios.UrbanLadder">
    <ignored/>
  </testcase> <!-- testcase_clickGiftCards -->
  <testcase name="testcase_readExcelDataValid" time="0.0" classname="testScenarios.UrbanLadder">
    <ignored/>
  </testcase> <!-- testcase_readExcelDataValid -->
  <testcase name="ScreenShot" time="0.0" classname="testScenarios.UrbanLadder">
    <ignored/>
  </testcase> <!-- ScreenShot -->
  <testcase name="proceedToPayment" time="0.0" classname="testScenarios.UrbanLadder">
    <ignored/>
  </testcase> <!-- proceedToPayment -->
  <testcase name="testcase_FillValidDetails" time="0.0" classname="testScenarios.UrbanLadder">
    <ignored/>
  </testcase> <!-- testcase_FillValidDetails -->
  <testcase name="operationCategory" time="0.0" classname="testScenarios.UrbanLadder">
    <ignored/>
  </testcase> <!-- operationCategory -->
  <testcase name="toExcelWrite" time="0.0" classname="testScenarios.UrbanLadder">
    <ignored/>
  </testcase> <!-- toExcelWrite -->
  <testcase name="operationstock" time="0.0" classname="testScenarios.UrbanLadder">
    <ignored/>
  </testcase> <!-- operationstock -->
  <testcase name="testcase_selectGiftCards" time="0.0" classname="testScenarios.UrbanLadder">
    <ignored/>
  </testcase> <!-- testcase_selectGiftCards -->
  <testcase name="getBeingAtHomeCollections" time="0.0" classname="testScenarios.UrbanLadder">
    <ignored/>
  </testcase> <!-- getBeingAtHomeCollections -->
  <testcase name="operationPrice" time="0.0" classname="testScenarios.UrbanLadder">
    <ignored/>
  </testcase> <!-- operationPrice -->
  <testcase name="testcase_customiseGiftCard" time="0.0" classname="testScenarios.UrbanLadder">
    <ignored/>
  </testcase> <!-- testcase_customiseGiftCard -->
  <testcase name="operationSearch" time="0.0" classname="testScenarios.UrbanLadder">
    <ignored/>
  </testcase> <!-- operationSearch -->
  <testcase name="write_ErrorMessage" time="0.0" classname="testScenarios.UrbanLadder">
    <ignored/>
  </testcase> <!-- write_ErrorMessage -->
  <testcase name="errorMessage" time="0.0" classname="testScenarios.UrbanLadder">
    <ignored/>
  </testcase> <!-- errorMessage -->
  <testcase name="testCaseReadExl" time="0.0" classname="testScenarios.UrbanLadder">
    <ignored/>
  </testcase> <!-- testCaseReadExl -->
  <testcase name="operationStorage" time="0.0" classname="testScenarios.UrbanLadder">
    <ignored/>
  </testcase> <!-- operationStorage -->
</testsuite> <!-- Regression Test one -->
