<?xml version="1.0" encoding="UTF-8"?>
<!-- Generated by org.testng.reporters.JUnitXMLReporter -->
<testsuite hostname="DESKTOP-TLNVACJ" ignored="0" name="Smoke Test two" tests="26" failures="0" timestamp="28 Nov 2020 10:49:14 GMT" time="138.512" errors="0">
  <testcase name="operationSearchBar" time="13.285" classname="testScenarios.UrbanLadder"/>
  <testcase name="operationCategoryMenu" time="7.096" classname="testScenarios.UrbanLadder"/>
  <testcase name="operationPriceSelect" time="1.857" classname="testScenarios.UrbanLadder"/>
  <testcase name="operationStorageSelect" time="7.073" classname="testScenarios.UrbanLadder"/>
  <testcase name="print" time="10.331" classname="testScenarios.UrbanLadder"/>
  <testcase name="testCaseReadExl" time="0.074" classname="testScenarios.UrbanLadder"/>
  <testcase name="operationSearch" time="9.301" classname="testScenarios.UrbanLadder"/>
  <testcase name="operationCategory" time="3.05" classname="testScenarios.UrbanLadder"/>
  <testcase name="operationPrice" time="7.366" classname="testScenarios.UrbanLadder"/>
  <testcase name="operationStorage" time="5.514" classname="testScenarios.UrbanLadder"/>
  <testcase name="operationstock" time="8.783" classname="testScenarios.UrbanLadder"/>
  <testcase name="toExcelWrite" time="0.384" classname="testScenarios.UrbanLadder"/>
  <testcase name="getBeingAtHomeCollections" time="4.142" classname="testScenarios.UrbanLadder"/>
  <testcase name="testcase_clickGiftCards" time="9.54" classname="testScenarios.UrbanLadder"/>
  <testcase name="testcase_selectGiftCards" time="1.141" classname="testScenarios.UrbanLadder"/>
  <testcase name="testcase_customiseGiftCard" time="0.501" classname="testScenarios.UrbanLadder"/>
  <testcase name="testcase_FillDetails" time="5.176" classname="testScenarios.UrbanLadder"/>
  <testcase name="errorMessage" time="0.635" classname="testScenarios.UrbanLadder"/>
  <testcase name="write_ErrorMessage" time="0.064" classname="testScenarios.UrbanLadder"/>
  <testcase name="ScreenShot" time="0.529" classname="testScenarios.UrbanLadder"/>
  <testcase name="testcase_readExcelDataValid" time="0.042" classname="testScenarios.UrbanLadder"/>
  <testcase name="testcase_FillValidDetails" time="1.072" classname="testScenarios.UrbanLadder"/>
  <testcase name="proceedToPayment" time="8.705" classname="testScenarios.UrbanLadder"/>
  <testcase name="studyChairSearch" time="6.654" classname="testScenarios.UrbanLadder"/>
  <testcase name="operationSortBy" time="0.495" classname="testScenarios.UrbanLadder"/>
  <testcase name="StudyChairprint" time="8.26" classname="testScenarios.UrbanLadder"/>
</testsuite> <!-- Smoke Test two -->
