<?xml version="1.0" encoding="UTF-8"?>
<!-- Generated by org.testng.reporters.JUnitXMLReporter -->
<testsuite hostname="DESKTOP-TLNVACJ" ignored="0" name="Smoke Test one" tests="26" failures="0" timestamp="28 Nov 2020 10:46:56 GMT" time="142.952" errors="0">
  <testcase name="operationSearchBar" time="11.796" classname="testScenarios.UrbanLadder"/>
  <testcase name="operationCategoryMenu" time="8.1" classname="testScenarios.UrbanLadder"/>
  <testcase name="operationPriceSelect" time="2.211" classname="testScenarios.UrbanLadder"/>
  <testcase name="operationStorageSelect" time="7.33" classname="testScenarios.UrbanLadder"/>
  <testcase name="print" time="10.171" classname="testScenarios.UrbanLadder"/>
  <testcase name="testCaseReadExl" time="0.15" classname="testScenarios.UrbanLadder"/>
  <testcase name="operationSearch" time="11.001" classname="testScenarios.UrbanLadder"/>
  <testcase name="operationCategory" time="3.985" classname="testScenarios.UrbanLadder"/>
  <testcase name="operationPrice" time="7.728" classname="testScenarios.UrbanLadder"/>
  <testcase name="operationStorage" time="5.626" classname="testScenarios.UrbanLadder"/>
  <testcase name="operationstock" time="8.778" classname="testScenarios.UrbanLadder"/>
  <testcase name="toExcelWrite" time="0.528" classname="testScenarios.UrbanLadder"/>
  <testcase name="getBeingAtHomeCollections" time="4.162" classname="testScenarios.UrbanLadder"/>
  <testcase name="testcase_clickGiftCards" time="14.441" classname="testScenarios.UrbanLadder"/>
  <testcase name="testcase_selectGiftCards" time="1.172" classname="testScenarios.UrbanLadder"/>
  <testcase name="testcase_customiseGiftCard" time="0.608" classname="testScenarios.UrbanLadder"/>
  <testcase name="testcase_FillDetails" time="5.262" classname="testScenarios.UrbanLadder"/>
  <testcase name="errorMessage" time="0.63" classname="testScenarios.UrbanLadder"/>
  <testcase name="write_ErrorMessage" time="0.076" classname="testScenarios.UrbanLadder"/>
  <testcase name="ScreenShot" time="0.571" classname="testScenarios.UrbanLadder"/>
  <testcase name="testcase_readExcelDataValid" time="0.118" classname="testScenarios.UrbanLadder"/>
  <testcase name="testcase_FillValidDetails" time="1.637" classname="testScenarios.UrbanLadder"/>
  <testcase name="proceedToPayment" time="8.766" classname="testScenarios.UrbanLadder"/>
  <testcase name="studyChairSearch" time="6.159" classname="testScenarios.UrbanLadder"/>
  <testcase name="operationSortBy" time="0.567" classname="testScenarios.UrbanLadder"/>
  <testcase name="StudyChairprint" time="8.104" classname="testScenarios.UrbanLadder"/>
</testsuite> <!-- Smoke Test one -->
